<?xml version="1.0" encoding="UTF-8"?>
<testng-results ignored="0" total="2" passed="2" failed="0" skipped="0">
  <reporter-output>
  </reporter-output>
  <suite started-at="2023-10-19T13:44:46 IST" name="Default suite" finished-at="2023-10-19T13:45:24 IST" duration-ms="37516">
    <groups>
      <group name="cucumber">
        <method signature="AbstractTestNGCucumberTests.runScenario(io.cucumber.testng.PickleWrapper,io.cucumber.testng.FeatureWrapper)[pri:0, instance:runners.TestRunner@54d9d12d]" name="runScenario" class="io.cucumber.testng.AbstractTestNGCucumberTests"/>
      </group> <!-- cucumber -->
    </groups>
    <test started-at="2023-10-19T13:44:46 IST" name="Default test" finished-at="2023-10-19T13:45:24 IST" duration-ms="37516">
      <class name="runners.TestRunner">
        <test-method is-config="true" signature="setUpClass(org.testng.ITestContext)[pri:0, instance:runners.TestRunner@54d9d12d]" started-at="2023-10-19T13:44:47 IST" name="setUpClass" finished-at="2023-10-19T13:44:47 IST" duration-ms="754" status="PASS">
          <params>
            <param index="0">
              <value>
                <![CDATA[org.testng.TestRunner@6af91cc8]]>
              </value>
            </param>
          </params>
          <reporter-output>
          </reporter-output>
        </test-method> <!-- setUpClass -->
        <test-method signature="runScenario(io.cucumber.testng.PickleWrapper,io.cucumber.testng.FeatureWrapper)[pri:0, instance:runners.TestRunner@54d9d12d]" started-at="2023-10-19T13:44:47 IST" name="runScenario" description="Runs Cucumber Scenarios" data-provider="scenarios" finished-at="2023-10-19T13:44:56 IST" duration-ms="8897" status="PASS">
          <params>
            <param index="0">
              <value>
                <![CDATA["Add or remove elements"]]>
              </value>
            </param>
            <param index="1">
              <value>
                <![CDATA["Automating basic features of Selenium"]]>
              </value>
            </param>
          </params>
          <reporter-output>
          </reporter-output>
        </test-method> <!-- runScenario -->
        <test-method signature="runScenario(io.cucumber.testng.PickleWrapper,io.cucumber.testng.FeatureWrapper)[pri:0, instance:runners.TestRunner@54d9d12d]" started-at="2023-10-19T13:44:56 IST" name="runScenario" description="Runs Cucumber Scenarios" data-provider="scenarios" finished-at="2023-10-19T13:45:24 IST" duration-ms="27737" status="PASS">
          <params>
            <param index="0">
              <value>
                <![CDATA["Automating Basic Auth"]]>
              </value>
            </param>
            <param index="1">
              <value>
                <![CDATA["Automating basic features of Selenium"]]>
              </value>
            </param>
          </params>
          <reporter-output>
          </reporter-output>
        </test-method> <!-- runScenario -->
        <test-method is-config="true" signature="tearDownClass()[pri:0, instance:runners.TestRunner@54d9d12d]" started-at="2023-10-19T13:45:24 IST" name="tearDownClass" finished-at="2023-10-19T13:45:24 IST" duration-ms="58" status="PASS">
          <reporter-output>
          </reporter-output>
        </test-method> <!-- tearDownClass -->
      </class> <!-- runners.TestRunner -->
    </test> <!-- Default test -->
  </suite> <!-- Default suite -->
</testng-results>
